<?xml version="1.0" encoding="UTF-8"?>
<testng-results ignored="0" total="2" passed="2" failed="0" skipped="0">
  <reporter-output>
  </reporter-output>
  <suite started-at="2023-06-03T20:43:02 IST" name="Suite" finished-at="2023-06-03T20:43:16 IST" duration-ms="13411">
    <groups>
      <group name="regression">
        <method signature="TC_002_LoginTest.login_test()[pri:0, instance:testCase.TC_002_LoginTest@28261e8e]" name="login_test" class="testCase.TC_002_LoginTest"/>
      </group> <!-- regression -->
      <group name="sanity">
        <method signature="TC_001_AccountRegistration.test_account_Registration()[pri:0, instance:testCase.TC_001_AccountRegistration@17f9d882]" name="test_account_Registration" class="testCase.TC_001_AccountRegistration"/>
      </group> <!-- sanity -->
      <group name="master">
        <method signature="TC_001_AccountRegistration.test_account_Registration()[pri:0, instance:testCase.TC_001_AccountRegistration@17f9d882]" name="test_account_Registration" class="testCase.TC_001_AccountRegistration"/>
        <method signature="TC_002_LoginTest.login_test()[pri:0, instance:testCase.TC_002_LoginTest@28261e8e]" name="login_test" class="testCase.TC_002_LoginTest"/>
      </group> <!-- master -->
    </groups>
    <test started-at="2023-06-03T20:43:02 IST" name="Test" finished-at="2023-06-03T20:43:16 IST" duration-ms="13411">
      <class name="testCase.TC_001_AccountRegistration">
        <test-method is-config="true" signature="setUp(java.lang.String)[pri:0, instance:testCase.TC_001_AccountRegistration@17f9d882]" started-at="2023-06-03T20:43:02 IST" name="setUp" finished-at="2023-06-03T20:43:09 IST" duration-ms="6572" status="PASS">
          <params>
            <param index="0">
              <value>
                <![CDATA[chrome]]>
              </value>
            </param>
          </params>
          <reporter-output>
          </reporter-output>
        </test-method> <!-- setUp -->
        <test-method signature="test_account_Registration()[pri:0, instance:testCase.TC_001_AccountRegistration@17f9d882]" started-at="2023-06-03T20:43:09 IST" name="test_account_Registration" finished-at="2023-06-03T20:43:11 IST" duration-ms="2130" status="PASS">
          <reporter-output>
          </reporter-output>
        </test-method> <!-- test_account_Registration -->
        <test-method is-config="true" signature="tearDown()[pri:0, instance:testCase.TC_001_AccountRegistration@17f9d882]" started-at="2023-06-03T20:43:11 IST" name="tearDown" finished-at="2023-06-03T20:43:11 IST" duration-ms="194" status="PASS">
          <reporter-output>
          </reporter-output>
        </test-method> <!-- tearDown -->
      </class> <!-- testCase.TC_001_AccountRegistration -->
      <class name="testCase.TC_002_LoginTest">
        <test-method is-config="true" signature="setUp(java.lang.String)[pri:0, instance:testCase.TC_002_LoginTest@28261e8e]" started-at="2023-06-03T20:43:11 IST" name="setUp" finished-at="2023-06-03T20:43:13 IST" duration-ms="1979" status="PASS">
          <params>
            <param index="0">
              <value>
                <![CDATA[chrome]]>
              </value>
            </param>
          </params>
          <reporter-output>
          </reporter-output>
        </test-method> <!-- setUp -->
        <test-method signature="login_test()[pri:0, instance:testCase.TC_002_LoginTest@28261e8e]" started-at="2023-06-03T20:43:13 IST" name="login_test" finished-at="2023-06-03T20:43:15 IST" duration-ms="2010" status="PASS">
          <reporter-output>
          </reporter-output>
        </test-method> <!-- login_test -->
        <test-method is-config="true" signature="tearDown()[pri:0, instance:testCase.TC_002_LoginTest@28261e8e]" started-at="2023-06-03T20:43:15 IST" name="tearDown" finished-at="2023-06-03T20:43:16 IST" duration-ms="122" status="PASS">
          <reporter-output>
          </reporter-output>
        </test-method> <!-- tearDown -->
      </class> <!-- testCase.TC_002_LoginTest -->
    </test> <!-- Test -->
  </suite> <!-- Suite -->
</testng-results>
